2026-01-17 23:56:26,484 - data_ingestion - DEBUG - Data loaded from https://raw.githubusercontent.com/azeemk210/Binary-Text-Classification-Pipeline-MLOps-ready-/refs/heads/main/data/raw/spam.csv
2026-01-17 23:56:26,487 - data_ingestion - DEBUG - Data processing complete
2026-01-17 23:56:26,501 - data_ingestion - DEBUG - Train and Test data saved to ./data\raw
2026-01-18 11:33:43,229 - data_ingestion - DEBUG - Data loaded from https://raw.githubusercontent.com/saramaryam2005/Datasets/refs/heads/main/spam.csv
2026-01-18 11:33:43,238 - data_ingestion - DEBUG - Data processing complete
2026-01-18 11:33:43,257 - data_ingestion - DEBUG - Train and Test data saved to ./data\raw
2026-01-23 09:07:39,774 - data_ingestion - DEBUG - Data loaded from https://raw.githubusercontent.com/saramaryam2005/Datasets/refs/heads/main/spam.csv
2026-01-23 09:07:39,781 - data_ingestion - DEBUG - Data processing complete
2026-01-23 09:07:39,801 - data_ingestion - DEBUG - Train and Test data saved to ./data\raw
2026-01-23 09:52:57,084 - data_ingestion - DEBUG - parameters retrieved from params.yaml
2026-01-23 09:52:57,948 - data_ingestion - DEBUG - Data loaded from https://raw.githubusercontent.com/saramaryam2005/Datasets/refs/heads/main/spam.csv
2026-01-23 09:52:57,950 - data_ingestion - DEBUG - Data processing complete
2026-01-23 09:52:57,963 - data_ingestion - DEBUG - Train and Test data saved to ./data\raw
2026-01-23 09:54:38,614 - data_ingestion - DEBUG - parameters retrieved from params.yaml
2026-01-23 09:54:39,376 - data_ingestion - DEBUG - Data loaded from https://raw.githubusercontent.com/saramaryam2005/Datasets/refs/heads/main/spam.csv
2026-01-23 09:54:39,378 - data_ingestion - DEBUG - Data processing complete
2026-01-23 09:54:39,392 - data_ingestion - DEBUG - Train and Test data saved to ./data\raw
2026-01-23 10:23:12,160 - data_ingestion - DEBUG - parameters retrieved from params.yaml
2026-01-23 10:23:13,118 - data_ingestion - DEBUG - Data loaded from https://raw.githubusercontent.com/saramaryam2005/Datasets/refs/heads/main/spam.csv
2026-01-23 10:23:13,120 - data_ingestion - DEBUG - Data processing complete
2026-01-23 10:23:13,134 - data_ingestion - DEBUG - Train and Test data saved to ./data\raw
2026-01-23 10:27:33,658 - data_ingestion - DEBUG - parameters retrieved from params.yaml
2026-01-23 10:27:34,408 - data_ingestion - DEBUG - Data loaded from https://raw.githubusercontent.com/saramaryam2005/Datasets/refs/heads/main/spam.csv
2026-01-23 10:27:34,411 - data_ingestion - DEBUG - Data processing complete
2026-01-23 10:27:34,427 - data_ingestion - DEBUG - Train and Test data saved to ./data\raw
